[    8474ms] [ERROR] Access to fetch at 'http://localhost:3000/dashboard' (redirected from 'http://localhost:5000/login?_rsc=vusbg') from origin 'http://localhost:5000' has been blocked by CORS policy: Response to preflight request doesn't pass access control check: Redirect is not allowed for a preflight request. @ http://localhost:5000/:0
[    8474ms] [ERROR] Failed to load resource: net::ERR_FAILED @ http://localhost:3000/dashboard:0
[    8475ms] [ERROR] Failed to fetch RSC payload for http://localhost:5000/login. Falling back to browser navigation. TypeError: Failed to fetch
    at createFetch (http://localhost:5000/_next/static/chunks/node_modules_next_dist_client_cf1d9188._.js:2091:33)
    at fetchServerResponse (http://localhost:5000/_next/static/chunks/node_modules_next_dist_client_cf1d9188._.js:2014:27)
    at http://localhost:5000/_next/static/chunks/node_modules_next_dist_client_cf1d9188._.js:3473:106
    at Object.task (http://localhost:5000/_next/static/chunks/node_modules_next_dist_client_cf1d9188._.js:3201:38)
    at PromiseQueue.processNext (http://localhost:5000/_next/static/chunks/node_modules_next_dist_client_cf1d9188._.js:3252:186)
    at PromiseQueue.enqueue (http://localhost:5000/_next/static/chunks/node_modules_next_dist_client_cf1d9188._.js:3216:76)
    at createLazyPrefetchEntry (http://localhost:5000/_next/static/chunks/node_modules_next_dist_client_cf1d9188._.js:3473:49)
    at getOrCreatePrefetchCacheEntry (http://localhost:5000/_next/static/chunks/node_modules_next_dist_client_cf1d9188._.js:3420:12)
    at navigateReducer (http://localhost:5000/_next/static/chunks/node_modules_next_dist_client_cf1d9188._.js:8266:82)
    at clientReducer (http://localhost:5000/_next/static/chunks/node_modules_next_dist_client_cf1d9188._.js:9222:61)
    at Object.action (http://localhost:5000/_next/static/chunks/node_modules_next_dist_client_cf1d9188._.js:9434:55)
    at runAction (http://localhost:5000/_next/static/chunks/node_modules_next_dist_client_cf1d9188._.js:9344:38)
    at dispatchAction (http://localhost:5000/_next/static/chunks/node_modules_next_dist_client_cf1d9188._.js:9398:9)
    at Object.dispatch (http://localhost:5000/_next/static/chunks/node_modules_next_dist_client_cf1d9188._.js:9432:40)
    at http://localhost:5000/_next/static/chunks/node_modules_next_dist_client_cf1d9188._.js:1409:29
    at startTransition (http://localhost:5000/_next/static/chunks/node_modules_next_dist_compiled_react-dom_1e674e59._.js:4904:31)
    at dispatch (http://localhost:5000/_next/static/chunks/node_modules_next_dist_client_cf1d9188._.js:1408:13)
    at dispatchAppRouterAction (http://localhost:5000/_next/static/chunks/node_modules_next_dist_client_cf1d9188._.js:1392:5)
    at dispatchNavigateAction (http://localhost:5000/_next/static/chunks/node_modules_next_dist_client_cf1d9188._.js:9486:49)
    at http://localhost:5000/_next/static/chunks/node_modules_812998df._.js:623:55
    at exports.startTransition (http://localhost:5000/_next/static/chunks/node_modules_next_dist_compiled_5150ccfd._.js:1662:31)
    at linkClicked (http://localhost:5000/_next/static/chunks/node_modules_812998df._.js:622:20)
    at onClick (http://localhost:5000/_next/static/chunks/node_modules_812998df._.js:857:13)
    at executeDispatch (http://localhost:5000/_next/static/chunks/node_modules_next_dist_compiled_react-dom_1e674e59._.js:8965:13)
    at runWithFiberInDEV (http://localhost:5000/_next/static/chunks/node_modules_next_dist_compiled_react-dom_1e674e59._.js:886:74)
    at processDispatchQueue (http://localhost:5000/_next/static/chunks/node_modules_next_dist_compiled_react-dom_1e674e59._.js:8991:41)
    at http://localhost:5000/_next/static/chunks/node_modules_next_dist_compiled_react-dom_1e674e59._.js:9286:13
    at batchedUpdates$1 (http://localhost:5000/_next/static/chunks/node_modules_next_dist_compiled_react-dom_1e674e59._.js:2211:44)
    at dispatchEventForPluginEventSystem (http://localhost:5000/_next/static/chunks/node_modules_next_dist_compiled_react-dom_1e674e59._.js:9067:9)
    at dispatchEvent (http://localhost:5000/_next/static/chunks/node_modules_next_dist_compiled_react-dom_1e674e59._.js:11224:37)
    at dispatchDiscreteEvent (http://localhost:5000/_next/static/chunks/node_modules_next_dist_compiled_react-dom_1e674e59._.js:11206:64) @ http://localhost:5000/_next/static/chunks/node_modules_next_dist_b0daae9a._.js:2359
[    9427ms] [ERROR] %c%s%c Failed to fetch invoices from Notion: background: #e6e6e6;background: light-dark(rgba(0,0,0,0.1), rgba(255,255,255,0.25));color: #000000;color: light-dark(#000000, #ffffff);border-radius: 2px  Server   {error: Notion API 에러: 400 - Invalid request URL., databaseId: 3290c1003d2e80719b84000bf5751195, hasApiKey: true} @ http://localhost:3000/_next/static/chunks/node_modules_next_dist_b0daae9a._.js:2359
[    9428ms] [ERROR] %c%s%c Failed to fetch invoices from Notion: background: #e6e6e6;background: light-dark(rgba(0,0,0,0.1), rgba(255,255,255,0.25));color: #000000;color: light-dark(#000000, #ffffff);border-radius: 2px  Server   {error: Notion API 에러: 400 - Invalid request URL., databaseId: 3290c1003d2e80719b84000bf5751195, hasApiKey: true} @ http://localhost:3000/_next/static/chunks/node_modules_next_dist_b0daae9a._.js:2359
[   16858ms] [ERROR] %c%s%c Failed to fetch page notion-page-id-001: 400 background: #e6e6e6;background: light-dark(rgba(0,0,0,0.1), rgba(255,255,255,0.25));color: #000000;color: light-dark(#000000, #ffffff);border-radius: 2px  Server   @ http://localhost:3000/_next/static/chunks/node_modules_next_dist_b0daae9a._.js:2359
[   25466ms] [ERROR] PDF 생성 실패: Error: Attempting to parse an unsupported color function "lab"
    at Object.parse (http://localhost:3000/_next/static/chunks/node_modules_html2canvas_dist_html2canvas_6fe6250c.js:2001:27)
    at parseColor (http://localhost:3000/_next/static/chunks/node_modules_html2canvas_dist_html2canvas_6fe6250c.js:2118:24)
    at parseBackgroundColor (http://localhost:3000/_next/static/chunks/node_modules_html2canvas_dist_html2canvas_6fe6250c.js:8577:56)
    at http://localhost:3000/_next/static/chunks/node_modules_html2canvas_dist_html2canvas_6fe6250c.js:8516:43
    at step (http://localhost:3000/_next/static/chunks/node_modules_html2canvas_dist_html2canvas_6fe6250c.js:160:27)
    at Object.next (http://localhost:3000/_next/static/chunks/node_modules_html2canvas_dist_html2canvas_6fe6250c.js:101:24)
    at fulfilled (http://localhost:3000/_next/static/chunks/node_modules_html2canvas_dist_html2canvas_6fe6250c.js:62:36) @ http://localhost:3000/_next/static/chunks/node_modules_next_dist_b0daae9a._.js:2359
[   28734ms] [WARNING] The resource http://localhost:3000/_next/static/chunks/%5Bturbopack%5D_browser_dev_hmr-client_hmr-client_ts_57d40746._.js was preloaded using link preload but not used within a few seconds from the window's load event. Please make sure it has an appropriate `as` value and it is preloaded intentionally. @ http://localhost:3000/invoices/notion-page-id-001:0
