[    2050ms] [ERROR] %o

%s TypeError: Cannot read properties of undefined (reading 'vfs')
    at __TURBOPACK__module__evaluation__ (http://localhost:5555/_next/static/chunks/src_0891fb81._.js:310:325)
    at http://localhost:5555/_next/static/chunks/turbopack-_cdba956c._.js:842:13
    at runModuleExecutionHooks (http://localhost:5555/_next/static/chunks/turbopack-_cdba956c._.js:867:13)
    at instantiateModule (http://localhost:5555/_next/static/chunks/turbopack-_cdba956c._.js:840:9)
    at getOrInstantiateModuleFromParent (http://localhost:5555/_next/static/chunks/turbopack-_cdba956c._.js:793:12)
    at DevContext.commonJsRequire [as r] (http://localhost:5555/_next/static/chunks/turbopack-_cdba956c._.js:246:12)
    at requireModule (http://localhost:5555/_next/static/chunks/node_modules_next_dist_compiled_5150ccfd._.js:2904:84)
    at initializeModuleChunk (http://localhost:5555/_next/static/chunks/node_modules_next_dist_compiled_5150ccfd._.js:3588:25)
    at readChunk (http://localhost:5555/_next/static/chunks/node_modules_next_dist_compiled_5150ccfd._.js:3363:17)
    at Object.react_stack_bottom_frame (http://localhost:5555/_next/static/chunks/node_modules_next_dist_compiled_react-dom_1e674e59._.js:13136:20)
    at resolveLazy (http://localhost:5555/_next/static/chunks/node_modules_next_dist_compiled_react-dom_1e674e59._.js:3367:20)
    at beginWork (http://localhost:5555/_next/static/chunks/node_modules_next_dist_compiled_react-dom_1e674e59._.js:6090:77)
    at runWithFiberInDEV (http://localhost:5555/_next/static/chunks/node_modules_next_dist_compiled_react-dom_1e674e59._.js:886:74)
    at performUnitOfWork (http://localhost:5555/_next/static/chunks/node_modules_next_dist_compiled_react-dom_1e674e59._.js:8298:97)
    at workLoopConcurrentByScheduler (http://localhost:5555/_next/static/chunks/node_modules_next_dist_compiled_react-dom_1e674e59._.js:8294:58)
    at renderRootConcurrent (http://localhost:5555/_next/static/chunks/node_modules_next_dist_compiled_react-dom_1e674e59._.js:8276:71)
    at performWorkOnRoot (http://localhost:5555/_next/static/chunks/node_modules_next_dist_compiled_react-dom_1e674e59._.js:7908:176)
    at performWorkOnRootViaSchedulerTask (http://localhost:5555/_next/static/chunks/node_modules_next_dist_compiled_react-dom_1e674e59._.js:8882:9)
    at MessagePort.performWorkUntilDeadline (http://localhost:5555/_next/static/chunks/node_modules_next_dist_compiled_5150ccfd._.js:2601:64) The above error occurred in the <Lazy> component. It was handled by the <ErrorBoundaryHandler> error boundary. @ http://localhost:5555/_next/static/chunks/node_modules_next_dist_client_cf1d9188._.js:1247
[    2057ms] [ERROR] 견적서 상세 에러: TypeError: Cannot read properties of undefined (reading 'vfs')
    at __TURBOPACK__module__evaluation__ (http://localhost:5555/_next/static/chunks/src_0891fb81._.js:310:325)
    at http://localhost:5555/_next/static/chunks/turbopack-_cdba956c._.js:842:13
    at runModuleExecutionHooks (http://localhost:5555/_next/static/chunks/turbopack-_cdba956c._.js:867:13)
    at instantiateModule (http://localhost:5555/_next/static/chunks/turbopack-_cdba956c._.js:840:9)
    at getOrInstantiateModuleFromParent (http://localhost:5555/_next/static/chunks/turbopack-_cdba956c._.js:793:12)
    at DevContext.commonJsRequire [as r] (http://localhost:5555/_next/static/chunks/turbopack-_cdba956c._.js:246:12)
    at requireModule (http://localhost:5555/_next/static/chunks/node_modules_next_dist_compiled_5150ccfd._.js:2904:84)
    at initializeModuleChunk (http://localhost:5555/_next/static/chunks/node_modules_next_dist_compiled_5150ccfd._.js:3588:25)
    at readChunk (http://localhost:5555/_next/static/chunks/node_modules_next_dist_compiled_5150ccfd._.js:3363:17)
    at Object.react_stack_bottom_frame (http://localhost:5555/_next/static/chunks/node_modules_next_dist_compiled_react-dom_1e674e59._.js:13136:20)
    at resolveLazy (http://localhost:5555/_next/static/chunks/node_modules_next_dist_compiled_react-dom_1e674e59._.js:3367:20)
    at beginWork (http://localhost:5555/_next/static/chunks/node_modules_next_dist_compiled_react-dom_1e674e59._.js:6090:77)
    at runWithFiberInDEV (http://localhost:5555/_next/static/chunks/node_modules_next_dist_compiled_react-dom_1e674e59._.js:886:74)
    at performUnitOfWork (http://localhost:5555/_next/static/chunks/node_modules_next_dist_compiled_react-dom_1e674e59._.js:8298:97)
    at workLoopConcurrentByScheduler (http://localhost:5555/_next/static/chunks/node_modules_next_dist_compiled_react-dom_1e674e59._.js:8294:58)
    at renderRootConcurrent (http://localhost:5555/_next/static/chunks/node_modules_next_dist_compiled_react-dom_1e674e59._.js:8276:71)
    at performWorkOnRoot (http://localhost:5555/_next/static/chunks/node_modules_next_dist_compiled_react-dom_1e674e59._.js:7908:176)
    at performWorkOnRootViaSchedulerTask (http://localhost:5555/_next/static/chunks/node_modules_next_dist_compiled_react-dom_1e674e59._.js:8882:9)
    at MessagePort.performWorkUntilDeadline (http://localhost:5555/_next/static/chunks/node_modules_next_dist_compiled_5150ccfd._.js:2601:64) @ http://localhost:5555/_next/static/chunks/node_modules_next_dist_b0daae9a._.js:2359
[    2057ms] [ERROR] 견적서 상세 에러: TypeError: Cannot read properties of undefined (reading 'vfs')
    at __TURBOPACK__module__evaluation__ (http://localhost:5555/_next/static/chunks/src_0891fb81._.js:310:325)
    at http://localhost:5555/_next/static/chunks/turbopack-_cdba956c._.js:842:13
    at runModuleExecutionHooks (http://localhost:5555/_next/static/chunks/turbopack-_cdba956c._.js:867:13)
    at instantiateModule (http://localhost:5555/_next/static/chunks/turbopack-_cdba956c._.js:840:9)
    at getOrInstantiateModuleFromParent (http://localhost:5555/_next/static/chunks/turbopack-_cdba956c._.js:793:12)
    at DevContext.commonJsRequire [as r] (http://localhost:5555/_next/static/chunks/turbopack-_cdba956c._.js:246:12)
    at requireModule (http://localhost:5555/_next/static/chunks/node_modules_next_dist_compiled_5150ccfd._.js:2904:84)
    at initializeModuleChunk (http://localhost:5555/_next/static/chunks/node_modules_next_dist_compiled_5150ccfd._.js:3588:25)
    at readChunk (http://localhost:5555/_next/static/chunks/node_modules_next_dist_compiled_5150ccfd._.js:3363:17)
    at Object.react_stack_bottom_frame (http://localhost:5555/_next/static/chunks/node_modules_next_dist_compiled_react-dom_1e674e59._.js:13136:20)
    at resolveLazy (http://localhost:5555/_next/static/chunks/node_modules_next_dist_compiled_react-dom_1e674e59._.js:3367:20)
    at beginWork (http://localhost:5555/_next/static/chunks/node_modules_next_dist_compiled_react-dom_1e674e59._.js:6090:77)
    at runWithFiberInDEV (http://localhost:5555/_next/static/chunks/node_modules_next_dist_compiled_react-dom_1e674e59._.js:886:74)
    at performUnitOfWork (http://localhost:5555/_next/static/chunks/node_modules_next_dist_compiled_react-dom_1e674e59._.js:8298:97)
    at workLoopConcurrentByScheduler (http://localhost:5555/_next/static/chunks/node_modules_next_dist_compiled_react-dom_1e674e59._.js:8294:58)
    at renderRootConcurrent (http://localhost:5555/_next/static/chunks/node_modules_next_dist_compiled_react-dom_1e674e59._.js:8276:71)
    at performWorkOnRoot (http://localhost:5555/_next/static/chunks/node_modules_next_dist_compiled_react-dom_1e674e59._.js:7908:176)
    at performWorkOnRootViaSchedulerTask (http://localhost:5555/_next/static/chunks/node_modules_next_dist_compiled_react-dom_1e674e59._.js:8882:9)
    at MessagePort.performWorkUntilDeadline (http://localhost:5555/_next/static/chunks/node_modules_next_dist_compiled_5150ccfd._.js:2601:64) @ http://localhost:5555/_next/static/chunks/node_modules_next_dist_b0daae9a._.js:2359
[   26783ms] [WARNING] [Fast Refresh] performing full reload

Fast Refresh will perform a full reload when you edit a file that's imported by modules outside of the React rendering tree.
You might have a file which exports a React component but also exports a value that is imported by a non-React component file.
Consider migrating the non-React component export to a separate file and importing it into both files.

It is also possible the parent component of the component you edited is a class component, which disables Fast Refresh.
Fast Refresh requires at least one parent function component in your React tree. @ http://localhost:5555/_next/static/chunks/%5Bturbopack%5D_browser_dev_hmr-client_hmr-client_ts_c8c997ce._.js:34
