[  243046ms] [ERROR] Failed to load resource: the server responded with a status of 500 (Internal Server Error) @ http://localhost:3000/login:0
[  243151ms] Error: Module 19362 was instantiated because it was required from module 49695, but the module factory is not available.
    at instantiateModule (file://C:\Users\LEE\workspace\courses\invoice-web\.next\server\chunks\ssr\[turbopack]_runtime.js:694:15)
    at getOrInstantiateModuleFromParent (file://C:\Users\LEE\workspace\courses\invoice-web\.next\server\chunks\ssr\[turbopack]_runtime.js:725:12)
    at Context.esmImport [as i] (file://C:\Users\LEE\workspace\courses\invoice-web\.next\server\chunks\ssr\[turbopack]_runtime.js:215:20)
    at __TURBOPACK__module__evaluation__ (file://C:\Users\LEE\workspace\courses\invoice-web\.next\server\chunks\ssr\_b7ad6ae0._.js:1:60)
    at instantiateModule (file://C:\Users\LEE\workspace\courses\invoice-web\.next\server\chunks\ssr\[turbopack]_runtime.js:702:9)
    at getOrInstantiateModuleFromParent (file://C:\Users\LEE\workspace\courses\invoice-web\.next\server\chunks\ssr\[turbopack]_runtime.js:725:12)
    at Context.esmImport [as i] (file://C:\Users\LEE\workspace\courses\invoice-web\.next\server\chunks\ssr\[turbopack]_runtime.js:215:20)
    at __TURBOPACK__module__evaluation__ (file://C:\Users\LEE\workspace\courses\invoice-web\.next\server\chunks\ssr\_aa41e470._.js:1:1913)
    at instantiateModule (file://C:\Users\LEE\workspace\courses\invoice-web\.next\server\chunks\ssr\[turbopack]_runtime.js:702:9)
    at instantiateRuntimeModule (file://C:\Users\LEE\workspace\courses\invoice-web\.next\server\chunks\ssr\[turbopack]_runtime.js:730:12)
    at getOrInstantiateRuntimeModule (file://C:\Users\LEE\workspace\courses\invoice-web\.next\server\chunks\ssr\[turbopack]_runtime.js:743:12)
    at Object.m (file://C:\Users\LEE\workspace\courses\invoice-web\.next\server\chunks\ssr\[turbopack]_runtime.js:752:18)
    at Object.<anonymous> (file://C:\Users\LEE\workspace\courses\invoice-web\.next\server\app\login\page.js:17:3)
    at Module._compile (node:internal/modules/cjs/loader:1804:14)
    at Object..js (node:internal/modules/cjs/loader:1936:10)
    at Module.load (node:internal/modules/cjs/loader:1525:32)
    at Module._load (node:internal/modules/cjs/loader:1327:12)
    at TracingChannel.traceSync (node:diagnostics_channel:328:14)
    at wrapModuleLoad (node:internal/modules/cjs/loader:245:24)
    at Module.<anonymous> (node:internal/modules/cjs/loader:1548:12)
    at mod.require (file://C:\Users\LEE\workspace\courses\invoice-web\node_modules\next\dist\server\require-hook.js:68:28)
    at require (node:internal/modules/helpers:152:16)
    at requirePage (file://C:\Users\LEE\workspace\courses\invoice-web\node_modules\next\dist\server\require.js:99:80)
    at loadComponentsImpl (file://C:\Users\LEE\workspace\courses\invoice-web\node_modules\next\dist\server\load-components.js:132:57)
    at async DevServer.findPageComponentsImpl (file://C:\Users\LEE\workspace\courses\invoice-web\node_modules\next\dist\server\next-server.js:899:36)
    at async DevServer.findPageComponents (file://C:\Users\LEE\workspace\courses\invoice-web\node_modules\next\dist\server\dev\next-dev-server.js:705:16)
    at async DevServer.renderPageComponent (file://C:\Users\LEE\workspace\courses\invoice-web\node_modules\next\dist\server\base-server.js:1460:24)
    at async DevServer.renderToResponseImpl (file://C:\Users\LEE\workspace\courses\invoice-web\node_modules\next\dist\server\base-server.js:1514:32)
    at async DevServer.pipeImpl (file://C:\Users\LEE\workspace\courses\invoice-web\node_modules\next\dist\server\base-server.js:1025:25)
    at async NextNodeServer.handleCatchallRenderRequest (file://C:\Users\LEE\workspace\courses\invoice-web\node_modules\next\dist\server\next-server.js:393:17)
    at async DevServer.handleRequestImpl (file://C:\Users\LEE\workspace\courses\invoice-web\node_modules\next\dist\server\base-server.js:916:17)
    at async (file://C:\Users\LEE\workspace\courses\invoice-web\node_modules\next\dist\server\dev\next-dev-server.js:399:20)
    at async Span.traceAsyncFn (file://C:\Users\LEE\workspace\courses\invoice-web\node_modules\next\dist\trace\trace.js:157:20)
    at async DevServer.handleRequest (file://C:\Users\LEE\workspace\courses\invoice-web\node_modules\next\dist\server\dev\next-dev-server.js:395:24)
    at async invokeRender (file://C:\Users\LEE\workspace\courses\invoice-web\node_modules\next\dist\server\lib\router-server.js:240:21)
    at async handleRequest (file://C:\Users\LEE\workspace\courses\invoice-web\node_modules\next\dist\server\lib\router-server.js:437:24)
    at async requestHandlerImpl (file://C:\Users\LEE\workspace\courses\invoice-web\node_modules\next\dist\server\lib\router-server.js:485:13)
    at async Server.requestListener (file://C:\Users\LEE\workspace\courses\invoice-web\node_modules\next\dist\server\lib\start-server.js:226:13)
[  246381ms] [ERROR] Failed to load resource: the server responded with a status of 500 (Internal Server Error) @ http://localhost:3000/login:0
[  246427ms] Error: Module 19362 was instantiated because it was required from module 49695, but the module factory is not available.
    at instantiateModule (file://C:\Users\LEE\workspace\courses\invoice-web\.next\server\chunks\ssr\[turbopack]_runtime.js:694:15)
    at getOrInstantiateModuleFromParent (file://C:\Users\LEE\workspace\courses\invoice-web\.next\server\chunks\ssr\[turbopack]_runtime.js:725:12)
    at Context.esmImport [as i] (file://C:\Users\LEE\workspace\courses\invoice-web\.next\server\chunks\ssr\[turbopack]_runtime.js:215:20)
    at __TURBOPACK__module__evaluation__ (file://C:\Users\LEE\workspace\courses\invoice-web\.next\server\chunks\ssr\_b7ad6ae0._.js:1:60)
    at instantiateModule (file://C:\Users\LEE\workspace\courses\invoice-web\.next\server\chunks\ssr\[turbopack]_runtime.js:702:9)
    at getOrInstantiateModuleFromParent (file://C:\Users\LEE\workspace\courses\invoice-web\.next\server\chunks\ssr\[turbopack]_runtime.js:725:12)
    at Context.esmImport [as i] (file://C:\Users\LEE\workspace\courses\invoice-web\.next\server\chunks\ssr\[turbopack]_runtime.js:215:20)
    at __TURBOPACK__module__evaluation__ (file://C:\Users\LEE\workspace\courses\invoice-web\.next\server\chunks\ssr\_aa41e470._.js:1:1913)
    at instantiateModule (file://C:\Users\LEE\workspace\courses\invoice-web\.next\server\chunks\ssr\[turbopack]_runtime.js:702:9)
    at instantiateRuntimeModule (file://C:\Users\LEE\workspace\courses\invoice-web\.next\server\chunks\ssr\[turbopack]_runtime.js:730:12)
    at getOrInstantiateRuntimeModule (file://C:\Users\LEE\workspace\courses\invoice-web\.next\server\chunks\ssr\[turbopack]_runtime.js:743:12)
    at Object.m (file://C:\Users\LEE\workspace\courses\invoice-web\.next\server\chunks\ssr\[turbopack]_runtime.js:752:18)
    at Object.<anonymous> (file://C:\Users\LEE\workspace\courses\invoice-web\.next\server\app\login\page.js:17:3)
    at Module._compile (node:internal/modules/cjs/loader:1804:14)
    at Object..js (node:internal/modules/cjs/loader:1936:10)
    at Module.load (node:internal/modules/cjs/loader:1525:32)
    at Module._load (node:internal/modules/cjs/loader:1327:12)
    at TracingChannel.traceSync (node:diagnostics_channel:328:14)
    at wrapModuleLoad (node:internal/modules/cjs/loader:245:24)
    at Module.<anonymous> (node:internal/modules/cjs/loader:1548:12)
    at mod.require (file://C:\Users\LEE\workspace\courses\invoice-web\node_modules\next\dist\server\require-hook.js:68:28)
    at require (node:internal/modules/helpers:152:16)
    at requirePage (file://C:\Users\LEE\workspace\courses\invoice-web\node_modules\next\dist\server\require.js:99:80)
    at loadComponentsImpl (file://C:\Users\LEE\workspace\courses\invoice-web\node_modules\next\dist\server\load-components.js:132:57)
    at async DevServer.findPageComponentsImpl (file://C:\Users\LEE\workspace\courses\invoice-web\node_modules\next\dist\server\next-server.js:899:36)
    at async DevServer.findPageComponents (file://C:\Users\LEE\workspace\courses\invoice-web\node_modules\next\dist\server\dev\next-dev-server.js:705:16)
    at async DevServer.renderPageComponent (file://C:\Users\LEE\workspace\courses\invoice-web\node_modules\next\dist\server\base-server.js:1460:24)
    at async DevServer.renderToResponseImpl (file://C:\Users\LEE\workspace\courses\invoice-web\node_modules\next\dist\server\base-server.js:1514:32)
    at async DevServer.pipeImpl (file://C:\Users\LEE\workspace\courses\invoice-web\node_modules\next\dist\server\base-server.js:1025:25)
    at async NextNodeServer.handleCatchallRenderRequest (file://C:\Users\LEE\workspace\courses\invoice-web\node_modules\next\dist\server\next-server.js:393:17)
    at async DevServer.handleRequestImpl (file://C:\Users\LEE\workspace\courses\invoice-web\node_modules\next\dist\server\base-server.js:916:17)
    at async (file://C:\Users\LEE\workspace\courses\invoice-web\node_modules\next\dist\server\dev\next-dev-server.js:399:20)
    at async Span.traceAsyncFn (file://C:\Users\LEE\workspace\courses\invoice-web\node_modules\next\dist\trace\trace.js:157:20)
    at async DevServer.handleRequest (file://C:\Users\LEE\workspace\courses\invoice-web\node_modules\next\dist\server\dev\next-dev-server.js:395:24)
    at async invokeRender (file://C:\Users\LEE\workspace\courses\invoice-web\node_modules\next\dist\server\lib\router-server.js:240:21)
    at async handleRequest (file://C:\Users\LEE\workspace\courses\invoice-web\node_modules\next\dist\server\lib\router-server.js:437:24)
    at async requestHandlerImpl (file://C:\Users\LEE\workspace\courses\invoice-web\node_modules\next\dist\server\lib\router-server.js:485:13)
    at async Server.requestListener (file://C:\Users\LEE\workspace\courses\invoice-web\node_modules\next\dist\server\lib\start-server.js:226:13)
[  247567ms] [ERROR] Failed to load resource: the server responded with a status of 500 (Internal Server Error) @ http://localhost:3000/login:0
[  247610ms] Error: Module 19362 was instantiated because it was required from module 49695, but the module factory is not available.
    at instantiateModule (file://C:\Users\LEE\workspace\courses\invoice-web\.next\server\chunks\ssr\[turbopack]_runtime.js:694:15)
    at getOrInstantiateModuleFromParent (file://C:\Users\LEE\workspace\courses\invoice-web\.next\server\chunks\ssr\[turbopack]_runtime.js:725:12)
    at Context.esmImport [as i] (file://C:\Users\LEE\workspace\courses\invoice-web\.next\server\chunks\ssr\[turbopack]_runtime.js:215:20)
    at __TURBOPACK__module__evaluation__ (file://C:\Users\LEE\workspace\courses\invoice-web\.next\server\chunks\ssr\_b7ad6ae0._.js:1:60)
    at instantiateModule (file://C:\Users\LEE\workspace\courses\invoice-web\.next\server\chunks\ssr\[turbopack]_runtime.js:702:9)
    at getOrInstantiateModuleFromParent (file://C:\Users\LEE\workspace\courses\invoice-web\.next\server\chunks\ssr\[turbopack]_runtime.js:725:12)
    at Context.esmImport [as i] (file://C:\Users\LEE\workspace\courses\invoice-web\.next\server\chunks\ssr\[turbopack]_runtime.js:215:20)
    at __TURBOPACK__module__evaluation__ (file://C:\Users\LEE\workspace\courses\invoice-web\.next\server\chunks\ssr\_aa41e470._.js:1:1913)
    at instantiateModule (file://C:\Users\LEE\workspace\courses\invoice-web\.next\server\chunks\ssr\[turbopack]_runtime.js:702:9)
    at instantiateRuntimeModule (file://C:\Users\LEE\workspace\courses\invoice-web\.next\server\chunks\ssr\[turbopack]_runtime.js:730:12)
    at getOrInstantiateRuntimeModule (file://C:\Users\LEE\workspace\courses\invoice-web\.next\server\chunks\ssr\[turbopack]_runtime.js:743:12)
    at Object.m (file://C:\Users\LEE\workspace\courses\invoice-web\.next\server\chunks\ssr\[turbopack]_runtime.js:752:18)
    at Object.<anonymous> (file://C:\Users\LEE\workspace\courses\invoice-web\.next\server\app\login\page.js:17:3)
    at Module._compile (node:internal/modules/cjs/loader:1804:14)
    at Object..js (node:internal/modules/cjs/loader:1936:10)
    at Module.load (node:internal/modules/cjs/loader:1525:32)
    at Module._load (node:internal/modules/cjs/loader:1327:12)
    at TracingChannel.traceSync (node:diagnostics_channel:328:14)
    at wrapModuleLoad (node:internal/modules/cjs/loader:245:24)
    at Module.<anonymous> (node:internal/modules/cjs/loader:1548:12)
    at mod.require (file://C:\Users\LEE\workspace\courses\invoice-web\node_modules\next\dist\server\require-hook.js:68:28)
    at require (node:internal/modules/helpers:152:16)
    at requirePage (file://C:\Users\LEE\workspace\courses\invoice-web\node_modules\next\dist\server\require.js:99:80)
    at loadComponentsImpl (file://C:\Users\LEE\workspace\courses\invoice-web\node_modules\next\dist\server\load-components.js:132:57)
    at async DevServer.findPageComponentsImpl (file://C:\Users\LEE\workspace\courses\invoice-web\node_modules\next\dist\server\next-server.js:899:36)
    at async DevServer.findPageComponents (file://C:\Users\LEE\workspace\courses\invoice-web\node_modules\next\dist\server\dev\next-dev-server.js:705:16)
    at async DevServer.renderPageComponent (file://C:\Users\LEE\workspace\courses\invoice-web\node_modules\next\dist\server\base-server.js:1460:24)
    at async DevServer.renderToResponseImpl (file://C:\Users\LEE\workspace\courses\invoice-web\node_modules\next\dist\server\base-server.js:1514:32)
    at async DevServer.pipeImpl (file://C:\Users\LEE\workspace\courses\invoice-web\node_modules\next\dist\server\base-server.js:1025:25)
    at async NextNodeServer.handleCatchallRenderRequest (file://C:\Users\LEE\workspace\courses\invoice-web\node_modules\next\dist\server\next-server.js:393:17)
    at async DevServer.handleRequestImpl (file://C:\Users\LEE\workspace\courses\invoice-web\node_modules\next\dist\server\base-server.js:916:17)
    at async (file://C:\Users\LEE\workspace\courses\invoice-web\node_modules\next\dist\server\dev\next-dev-server.js:399:20)
    at async Span.traceAsyncFn (file://C:\Users\LEE\workspace\courses\invoice-web\node_modules\next\dist\trace\trace.js:157:20)
    at async DevServer.handleRequest (file://C:\Users\LEE\workspace\courses\invoice-web\node_modules\next\dist\server\dev\next-dev-server.js:395:24)
    at async invokeRender (file://C:\Users\LEE\workspace\courses\invoice-web\node_modules\next\dist\server\lib\router-server.js:240:21)
    at async handleRequest (file://C:\Users\LEE\workspace\courses\invoice-web\node_modules\next\dist\server\lib\router-server.js:437:24)
    at async requestHandlerImpl (file://C:\Users\LEE\workspace\courses\invoice-web\node_modules\next\dist\server\lib\router-server.js:485:13)
    at async Server.requestListener (file://C:\Users\LEE\workspace\courses\invoice-web\node_modules\next\dist\server\lib\start-server.js:226:13)
[  248173ms] [ERROR] Failed to load resource: the server responded with a status of 500 (Internal Server Error) @ http://localhost:3000/login:0
[  248238ms] Error: Module 19362 was instantiated because it was required from module 49695, but the module factory is not available.
    at instantiateModule (file://C:\Users\LEE\workspace\courses\invoice-web\.next\server\chunks\ssr\[turbopack]_runtime.js:694:15)
    at getOrInstantiateModuleFromParent (file://C:\Users\LEE\workspace\courses\invoice-web\.next\server\chunks\ssr\[turbopack]_runtime.js:725:12)
    at Context.esmImport [as i] (file://C:\Users\LEE\workspace\courses\invoice-web\.next\server\chunks\ssr\[turbopack]_runtime.js:215:20)
    at __TURBOPACK__module__evaluation__ (file://C:\Users\LEE\workspace\courses\invoice-web\.next\server\chunks\ssr\_b7ad6ae0._.js:1:60)
    at instantiateModule (file://C:\Users\LEE\workspace\courses\invoice-web\.next\server\chunks\ssr\[turbopack]_runtime.js:702:9)
    at getOrInstantiateModuleFromParent (file://C:\Users\LEE\workspace\courses\invoice-web\.next\server\chunks\ssr\[turbopack]_runtime.js:725:12)
    at Context.esmImport [as i] (file://C:\Users\LEE\workspace\courses\invoice-web\.next\server\chunks\ssr\[turbopack]_runtime.js:215:20)
    at __TURBOPACK__module__evaluation__ (file://C:\Users\LEE\workspace\courses\invoice-web\.next\server\chunks\ssr\_aa41e470._.js:1:1913)
    at instantiateModule (file://C:\Users\LEE\workspace\courses\invoice-web\.next\server\chunks\ssr\[turbopack]_runtime.js:702:9)
    at instantiateRuntimeModule (file://C:\Users\LEE\workspace\courses\invoice-web\.next\server\chunks\ssr\[turbopack]_runtime.js:730:12)
    at getOrInstantiateRuntimeModule (file://C:\Users\LEE\workspace\courses\invoice-web\.next\server\chunks\ssr\[turbopack]_runtime.js:743:12)
    at Object.m (file://C:\Users\LEE\workspace\courses\invoice-web\.next\server\chunks\ssr\[turbopack]_runtime.js:752:18)
    at Object.<anonymous> (file://C:\Users\LEE\workspace\courses\invoice-web\.next\server\app\login\page.js:17:3)
    at Module._compile (node:internal/modules/cjs/loader:1804:14)
    at Object..js (node:internal/modules/cjs/loader:1936:10)
    at Module.load (node:internal/modules/cjs/loader:1525:32)
    at Module._load (node:internal/modules/cjs/loader:1327:12)
    at TracingChannel.traceSync (node:diagnostics_channel:328:14)
    at wrapModuleLoad (node:internal/modules/cjs/loader:245:24)
    at Module.<anonymous> (node:internal/modules/cjs/loader:1548:12)
    at mod.require (file://C:\Users\LEE\workspace\courses\invoice-web\node_modules\next\dist\server\require-hook.js:68:28)
    at require (node:internal/modules/helpers:152:16)
    at requirePage (file://C:\Users\LEE\workspace\courses\invoice-web\node_modules\next\dist\server\require.js:99:80)
    at loadComponentsImpl (file://C:\Users\LEE\workspace\courses\invoice-web\node_modules\next\dist\server\load-components.js:132:57)
    at async DevServer.findPageComponentsImpl (file://C:\Users\LEE\workspace\courses\invoice-web\node_modules\next\dist\server\next-server.js:899:36)
    at async DevServer.findPageComponents (file://C:\Users\LEE\workspace\courses\invoice-web\node_modules\next\dist\server\dev\next-dev-server.js:705:16)
    at async DevServer.renderPageComponent (file://C:\Users\LEE\workspace\courses\invoice-web\node_modules\next\dist\server\base-server.js:1460:24)
    at async DevServer.renderToResponseImpl (file://C:\Users\LEE\workspace\courses\invoice-web\node_modules\next\dist\server\base-server.js:1514:32)
    at async DevServer.pipeImpl (file://C:\Users\LEE\workspace\courses\invoice-web\node_modules\next\dist\server\base-server.js:1025:25)
    at async NextNodeServer.handleCatchallRenderRequest (file://C:\Users\LEE\workspace\courses\invoice-web\node_modules\next\dist\server\next-server.js:393:17)
    at async DevServer.handleRequestImpl (file://C:\Users\LEE\workspace\courses\invoice-web\node_modules\next\dist\server\base-server.js:916:17)
    at async (file://C:\Users\LEE\workspace\courses\invoice-web\node_modules\next\dist\server\dev\next-dev-server.js:399:20)
    at async Span.traceAsyncFn (file://C:\Users\LEE\workspace\courses\invoice-web\node_modules\next\dist\trace\trace.js:157:20)
    at async DevServer.handleRequest (file://C:\Users\LEE\workspace\courses\invoice-web\node_modules\next\dist\server\dev\next-dev-server.js:395:24)
    at async invokeRender (file://C:\Users\LEE\workspace\courses\invoice-web\node_modules\next\dist\server\lib\router-server.js:240:21)
    at async handleRequest (file://C:\Users\LEE\workspace\courses\invoice-web\node_modules\next\dist\server\lib\router-server.js:437:24)
    at async requestHandlerImpl (file://C:\Users\LEE\workspace\courses\invoice-web\node_modules\next\dist\server\lib\router-server.js:485:13)
    at async Server.requestListener (file://C:\Users\LEE\workspace\courses\invoice-web\node_modules\next\dist\server\lib\start-server.js:226:13)
[  248983ms] [ERROR] Failed to load resource: the server responded with a status of 500 (Internal Server Error) @ http://localhost:3000/login:0
[  249033ms] Error: Module 19362 was instantiated because it was required from module 49695, but the module factory is not available.
    at instantiateModule (file://C:\Users\LEE\workspace\courses\invoice-web\.next\server\chunks\ssr\[turbopack]_runtime.js:694:15)
    at getOrInstantiateModuleFromParent (file://C:\Users\LEE\workspace\courses\invoice-web\.next\server\chunks\ssr\[turbopack]_runtime.js:725:12)
    at Context.esmImport [as i] (file://C:\Users\LEE\workspace\courses\invoice-web\.next\server\chunks\ssr\[turbopack]_runtime.js:215:20)
    at __TURBOPACK__module__evaluation__ (file://C:\Users\LEE\workspace\courses\invoice-web\.next\server\chunks\ssr\_b7ad6ae0._.js:1:60)
    at instantiateModule (file://C:\Users\LEE\workspace\courses\invoice-web\.next\server\chunks\ssr\[turbopack]_runtime.js:702:9)
    at getOrInstantiateModuleFromParent (file://C:\Users\LEE\workspace\courses\invoice-web\.next\server\chunks\ssr\[turbopack]_runtime.js:725:12)
    at Context.esmImport [as i] (file://C:\Users\LEE\workspace\courses\invoice-web\.next\server\chunks\ssr\[turbopack]_runtime.js:215:20)
    at __TURBOPACK__module__evaluation__ (file://C:\Users\LEE\workspace\courses\invoice-web\.next\server\chunks\ssr\_aa41e470._.js:1:1913)
    at instantiateModule (file://C:\Users\LEE\workspace\courses\invoice-web\.next\server\chunks\ssr\[turbopack]_runtime.js:702:9)
    at instantiateRuntimeModule (file://C:\Users\LEE\workspace\courses\invoice-web\.next\server\chunks\ssr\[turbopack]_runtime.js:730:12)
    at getOrInstantiateRuntimeModule (file://C:\Users\LEE\workspace\courses\invoice-web\.next\server\chunks\ssr\[turbopack]_runtime.js:743:12)
    at Object.m (file://C:\Users\LEE\workspace\courses\invoice-web\.next\server\chunks\ssr\[turbopack]_runtime.js:752:18)
    at Object.<anonymous> (file://C:\Users\LEE\workspace\courses\invoice-web\.next\server\app\login\page.js:17:3)
    at Module._compile (node:internal/modules/cjs/loader:1804:14)
    at Object..js (node:internal/modules/cjs/loader:1936:10)
    at Module.load (node:internal/modules/cjs/loader:1525:32)
    at Module._load (node:internal/modules/cjs/loader:1327:12)
    at TracingChannel.traceSync (node:diagnostics_channel:328:14)
    at wrapModuleLoad (node:internal/modules/cjs/loader:245:24)
    at Module.<anonymous> (node:internal/modules/cjs/loader:1548:12)
    at mod.require (file://C:\Users\LEE\workspace\courses\invoice-web\node_modules\next\dist\server\require-hook.js:68:28)
    at require (node:internal/modules/helpers:152:16)
    at requirePage (file://C:\Users\LEE\workspace\courses\invoice-web\node_modules\next\dist\server\require.js:99:80)
    at loadComponentsImpl (file://C:\Users\LEE\workspace\courses\invoice-web\node_modules\next\dist\server\load-components.js:132:57)
    at async DevServer.findPageComponentsImpl (file://C:\Users\LEE\workspace\courses\invoice-web\node_modules\next\dist\server\next-server.js:899:36)
    at async DevServer.findPageComponents (file://C:\Users\LEE\workspace\courses\invoice-web\node_modules\next\dist\server\dev\next-dev-server.js:705:16)
    at async DevServer.renderPageComponent (file://C:\Users\LEE\workspace\courses\invoice-web\node_modules\next\dist\server\base-server.js:1460:24)
    at async DevServer.renderToResponseImpl (file://C:\Users\LEE\workspace\courses\invoice-web\node_modules\next\dist\server\base-server.js:1514:32)
    at async DevServer.pipeImpl (file://C:\Users\LEE\workspace\courses\invoice-web\node_modules\next\dist\server\base-server.js:1025:25)
    at async NextNodeServer.handleCatchallRenderRequest (file://C:\Users\LEE\workspace\courses\invoice-web\node_modules\next\dist\server\next-server.js:393:17)
    at async DevServer.handleRequestImpl (file://C:\Users\LEE\workspace\courses\invoice-web\node_modules\next\dist\server\base-server.js:916:17)
    at async (file://C:\Users\LEE\workspace\courses\invoice-web\node_modules\next\dist\server\dev\next-dev-server.js:399:20)
    at async Span.traceAsyncFn (file://C:\Users\LEE\workspace\courses\invoice-web\node_modules\next\dist\trace\trace.js:157:20)
    at async DevServer.handleRequest (file://C:\Users\LEE\workspace\courses\invoice-web\node_modules\next\dist\server\dev\next-dev-server.js:395:24)
    at async invokeRender (file://C:\Users\LEE\workspace\courses\invoice-web\node_modules\next\dist\server\lib\router-server.js:240:21)
    at async handleRequest (file://C:\Users\LEE\workspace\courses\invoice-web\node_modules\next\dist\server\lib\router-server.js:437:24)
    at async requestHandlerImpl (file://C:\Users\LEE\workspace\courses\invoice-web\node_modules\next\dist\server\lib\router-server.js:485:13)
    at async Server.requestListener (file://C:\Users\LEE\workspace\courses\invoice-web\node_modules\next\dist\server\lib\start-server.js:226:13)
